[0306/174619.580:ERROR:process_memory_win.cc(73)] ReadMemory at 0x7ff7d9c20000 of 64 bytes failed: ??a a?t?s? ReadProcessMemory ? WriteProcessMemory ??a??p??????e µ??? e? µ??e?. (0x12B)
[0306/174620.365:WARNING:pe_image_reader.cc(340)] could not read dos header from C:\Program Files (x86)\AVAST Software\Browser\Application\AvastBrowser.exe
[0306/174620.365:ERROR:process_memory_win.cc(73)] ReadMemory at 0x7ff9cd0c0000 of 64 bytes failed: ??a a?t?s? ReadProcessMemory ? WriteProcessMemory ??a??p??????e µ??? e? µ??e?. (0x12B)
[0306/174620.365:WARNING:pe_image_reader.cc(340)] could not read dos header from C:\WINDOWS\SYSTEM32\ntdll.dll
[0306/174620.365:ERROR:process_memory_win.cc(73)] ReadMemory at 0x7ff9cc6d0000 of 64 bytes failed: ??a a?t?s? ReadProcessMemory ? WriteProcessMemory ??a??p??????e µ??? e? µ??e?. (0x12B)
[0306/174620.366:WARNING:pe_image_reader.cc(340)] could not read dos header from C:\WINDOWS\System32\KERNEL32.DLL
[0306/174620.366:ERROR:process_memory_win.cc(73)] ReadMemory at 0x7ff9c9cb0000 of 64 bytes failed: ??a a?t?s? ReadProcessMemory ? WriteProcessMemory ??a??p??????e µ??? e? µ??e?. (0x12B)
[0306/174620.366:WARNING:pe_image_reader.cc(340)] could not read dos header from C:\WINDOWS\System32\KERNELBASE.dll
[0306/174620.366:ERROR:process_memory_win.cc(73)] ReadMemory at 0x7ff985f20000 of 64 bytes failed: ??a a?t?s? ReadProcessMemory ? WriteProcessMemory ??a??p??????e µ??? e? µ??e?. (0x12B)
[0306/174620.366:WARNING:pe_image_reader.cc(340)] could not read dos header from C:\Program Files (x86)\AVAST Software\Browser\Application\79.0.3062.80\chrome_elf.dll
[0306/174620.367:ERROR:process_memory_win.cc(73)] ReadMemory at 0x7ff9c2130000 of 64 bytes failed: ??a a?t?s? ReadProcessMemory ? WriteProcessMemory ??a??p??????e µ??? e? µ??e?. (0x12B)
[0306/174620.367:WARNING:pe_image_reader.cc(340)] could not read dos header from C:\WINDOWS\SYSTEM32\VERSION.dll
[0306/174620.367:ERROR:process_memory_win.cc(73)] ReadMemory at 0x2931e9f0000 of 64 bytes failed: ??a a?t?s? ReadProcessMemory ? WriteProcessMemory ??a??p??????e µ??? e? µ??e?. (0x12B)
[0306/174620.367:WARNING:pe_image_reader.cc(340)] could not read dos header from C:\WINDOWS\System32\msvcrt.dll
[0306/174620.367:ERROR:process_memory_win.cc(73)] ReadMemory at 0x7ff9c9980000 of 64 bytes failed: ??a a?t?s? ReadProcessMemory ? WriteProcessMemory ??a??p??????e µ??? e? µ??e?. (0x12B)
[0306/174620.367:WARNING:pe_image_reader.cc(340)] could not read dos header from C:\WINDOWS\System32\bcryptPrimitives.dll
[0306/174620.367:ERROR:process_memory_win.cc(73)] ReadMemory at 0x7ff9ccca0000 of 64 bytes failed: ??a a?t?s? ReadProcessMemory ? WriteProcessMemory ??a??p??????e µ??? e? µ??e?. (0x12B)
[0306/174620.367:WARNING:pe_image_reader.cc(340)] could not read dos header from C:\WINDOWS\System32\ADVAPI32.dll
[0306/174620.367:ERROR:process_memory_win.cc(73)] ReadMemory at 0x7ff9cca30000 of 64 bytes failed: ??a a?t?s? ReadProcessMemory ? WriteProcessMemory ??a??p??????e µ??? e? µ??e?. (0x12B)
[0306/174620.367:WARNING:pe_image_reader.cc(340)] could not read dos header from C:\WINDOWS\System32\sechost.dll
[0306/174620.367:ERROR:process_memory_win.cc(73)] ReadMemory at 0x7ff9ca6e0000 of 64 bytes failed: ??a a?t?s? ReadProcessMemory ? WriteProcessMemory ??a??p??????e µ??? e? µ??e?. (0x12B)
[0306/174620.367:WARNING:pe_image_reader.cc(340)] could not read dos header from C:\WINDOWS\System32\RPCRT4.dll
[0306/174620.368:ERROR:process_memory_win.cc(73)] ReadMemory at 0x7ff946e60000 of 64 bytes failed: ??a a?t?s? ReadProcessMemory ? WriteProcessMemory ??a??p??????e µ??? e? µ??e?. (0x12B)
[0306/174620.368:WARNING:pe_image_reader.cc(340)] could not read dos header from C:\Program Files (x86)\AVAST Software\Browser\Application\79.0.3062.80\chrome_child.dll
[0306/174620.368:ERROR:process_memory_win.cc(73)] ReadMemory at 0x7ff9cbff0000 of 64 bytes failed: ??a a?t?s? ReadProcessMemory ? WriteProcessMemory ??a??p??????e µ??? e? µ??e?. (0x12B)
[0306/174620.368:WARNING:pe_image_reader.cc(340)] could not read dos header from C:\WINDOWS\System32\OLEAUT32.dll
[0306/174620.368:ERROR:process_memory_win.cc(73)] ReadMemory at 0x7ff9c9190000 of 64 bytes failed: ??a a?t?s? ReadProcessMemory ? WriteProcessMemory ??a??p??????e µ??? e? µ??e?. (0x12B)
[0306/174620.368:WARNING:pe_image_reader.cc(340)] could not read dos header from C:\WINDOWS\System32\msvcp_win.dll
[0306/174620.368:ERROR:process_memory_win.cc(73)] ReadMemory at 0x7ff9c9f50000 of 64 bytes failed: ??a a?t?s? ReadProcessMemory ? WriteProcessMemory ??a??p??????e µ??? e? µ??e?. (0x12B)
[0306/174620.368:WARNING:pe_image_reader.cc(340)] could not read dos header from C:\WINDOWS\System32\ucrtbase.dll
[0306/174620.368:ERROR:process_memory_win.cc(73)] ReadMemory at 0x7ff9ccd50000 of 64 bytes failed: ??a a?t?s? ReadProcessMemory ? WriteProcessMemory ??a??p??????e µ??? e? µ??e?. (0x12B)
[0306/174620.368:WARNING:pe_image_reader.cc(340)] could not read dos header from C:\WINDOWS\System32\combase.dll
[0306/174620.368:ERROR:process_memory_win.cc(73)] ReadMemory at 0x7ff9ccc20000 of 64 bytes failed: ??a a?t?s? ReadProcessMemory ? WriteProcessMemory ??a??p??????e µ??? e? µ??e?. (0x12B)
[0306/174620.368:WARNING:pe_image_reader.cc(340)] could not read dos header from C:\WINDOWS\System32\WS2_32.dll
[0306/174620.369:ERROR:process_memory_win.cc(73)] ReadMemory at 0x7ff9ca050000 of 64 bytes failed: ??a a?t?s? ReadProcessMemory ? WriteProcessMemory ??a??p??????e µ??? e? µ??e?. (0x12B)
[0306/174620.369:WARNING:pe_image_reader.cc(340)] could not read dos header from C:\WINDOWS\System32\WINTRUST.dll
[0306/174620.369:ERROR:process_memory_win.cc(73)] ReadMemory at 0x7ff9c9170000 of 64 bytes failed: ??a a?t?s? ReadProcessMemory ? WriteProcessMemory ??a??p??????e µ??? e? µ??e?. (0x12B)
[0306/174620.369:WARNING:pe_image_reader.cc(340)] could not read dos header from C:\WINDOWS\System32\MSASN1.dll
[0306/174620.369:ERROR:process_memory_win.cc(73)] ReadMemory at 0x7ff9c9ad0000 of 64 bytes failed: ??a a?t?s? ReadProcessMemory ? WriteProcessMemory ??a??p??????e µ??? e? µ??e?. (0x12B)
[0306/174620.369:WARNING:pe_image_reader.cc(340)] could not read dos header from C:\WINDOWS\System32\CRYPT32.dll
[0306/174620.369:ERROR:process_memory_win.cc(73)] ReadMemory at 0x7ff9c86a0000 of 64 bytes failed: ??a a?t?s? ReadProcessMemory ? WriteProcessMemory ??a??p??????e µ??? e? µ??e?. (0x12B)
[0306/174620.369:WARNING:pe_image_reader.cc(340)] could not read dos header from C:\WINDOWS\SYSTEM32\IPHLPAPI.DLL
[0306/174620.369:ERROR:process_memory_win.cc(73)] ReadMemory at 0x7ff9c59a0000 of 64 bytes failed: ??a a?t?s? ReadProcessMemory ? WriteProcessMemory ??a??p??????e µ??? e? µ??e?. (0x12B)
[0306/174620.369:WARNING:pe_image_reader.cc(340)] could not read dos header from C:\WINDOWS\SYSTEM32\WINMM.dll
[0306/174620.369:ERROR:process_memory_win.cc(73)] ReadMemory at 0x7ff9c8ff0000 of 64 bytes failed: ??a a?t?s? ReadProcessMemory ? WriteProcessMemory ??a??p??????e µ??? e? µ??e?. (0x12B)
[0306/174620.369:WARNING:pe_image_reader.cc(340)] could not read dos header from C:\WINDOWS\SYSTEM32\USERENV.dll
[0306/174620.370:ERROR:process_memory_win.cc(73)] ReadMemory at 0x7ff9c90e0000 of 64 bytes failed: ??a a?t?s? ReadProcessMemory ? WriteProcessMemory ??a??p??????e µ??? e? µ??e?. (0x12B)
[0306/174620.370:WARNING:pe_image_reader.cc(340)] could not read dos header from C:\WINDOWS\System32\profapi.dll
[0306/174620.370:ERROR:process_memory_win.cc(73)] ReadMemory at 0x7ff9b8c30000 of 64 bytes failed: ??a a?t?s? ReadProcessMemory ? WriteProcessMemory ??a??p??????e µ??? e? µ??e?. (0x12B)
[0306/174620.370:WARNING:pe_image_reader.cc(340)] could not read dos header from C:\WINDOWS\SYSTEM32\DWrite.dll
[0306/174620.370:ERROR:process_memory_win.cc(73)] ReadMemory at 0x7ff9b81e0000 of 64 bytes failed: ??a a?t?s? ReadProcessMemory ? WriteProcessMemory ??a??p??????e µ??? e? µ??e?. (0x12B)
[0306/174620.370:WARNING:pe_image_reader.cc(340)] could not read dos header from C:\WINDOWS\SYSTEM32\WINSPOOL.DRV
[0306/174620.370:ERROR:process_memory_win.cc(73)] ReadMemory at 0x7ff9c90c0000 of 64 bytes failed: ??a a?t?s? ReadProcessMemory ? WriteProcessMemory ??a??p??????e µ??? e? µ??e?. (0x12B)
[0306/174620.370:WARNING:pe_image_reader.cc(340)] could not read dos header from C:\WINDOWS\System32\kernel.appcore.dll
[0306/174620.370:ERROR:process_memory_win.cc(73)] ReadMemory at 0x7ff9ca2c0000 of 64 bytes failed: ??a a?t?s? ReadProcessMemory ? WriteProcessMemory ??a??p??????e µ??? e? µ??e?. (0x12B)
[0306/174620.370:WARNING:pe_image_reader.cc(340)] could not read dos header from C:\WINDOWS\System32\bcrypt.dll
[0306/174620.370:ERROR:process_memory_win.cc(73)] ReadMemory at 0x7ff9bd550000 of 64 bytes failed: ??a a?t?s? ReadProcessMemory ? WriteProcessMemory ??a??p??????e µ??? e? µ??e?. (0x12B)
[0306/174620.370:WARNING:pe_image_reader.cc(340)] could not read dos header from C:\WINDOWS\SYSTEM32\dbghelp.dll
[0306/174620.371:ERROR:process_memory_win.cc(73)] ReadMemory at 0x7ff9ba810000 of 64 bytes failed: ??a a?t?s? ReadProcessMemory ? WriteProcessMemory ??a??p??????e µ??? e? µ??e?. (0x12B)
[0306/174620.371:WARNING:pe_image_reader.cc(340)] could not read dos header from C:\WINDOWS\SYSTEM32\Secur32.dll
[0306/174620.371:ERROR:process_memory_win.cc(73)] ReadMemory at 0x7ff9be570000 of 64 bytes failed: ??a a?t?s? ReadProcessMemory ? WriteProcessMemory ??a??p??????e µ??? e? µ??e?. (0x12B)
[0306/174620.371:WARNING:pe_image_reader.cc(340)] could not read dos header from C:\WINDOWS\SYSTEM32\WINHTTP.dll
[0306/174620.371:ERROR:process_memory_win.cc(73)] ReadMemory at 0x7ff9bfc80000 of 64 bytes failed: ??a a?t?s? ReadProcessMemory ? WriteProcessMemory ??a??p??????e µ??? e? µ??e?. (0x12B)
[0306/174620.371:WARNING:pe_image_reader.cc(340)] could not read dos header from C:\WINDOWS\SYSTEM32\dhcpcsvc.DLL
[0306/174620.371:ERROR:process_memory_win.cc(73)] ReadMemory at 0x7ff9cbf30000 of 64 bytes failed: ??a a?t?s? ReadProcessMemory ? WriteProcessMemory ??a??p??????e µ??? e? µ??e?. (0x12B)
[0306/174620.371:WARNING:pe_image_reader.cc(340)] could not read dos header from C:\WINDOWS\System32\NSI.dll
[0306/174620.371:ERROR:process_memory_win.cc(73)] ReadMemory at 0x7ff9c5970000 of 64 bytes failed: ??a a?t?s? ReadProcessMemory ? WriteProcessMemory ??a??p??????e µ??? e? µ??e?. (0x12B)
[0306/174620.371:WARNING:pe_image_reader.cc(340)] could not read dos header from C:\WINDOWS\SYSTEM32\WINMMBASE.dll
[0306/174620.371:ERROR:process_memory_win.cc(73)] ReadMemory at 0x7ff9ca0b0000 of 64 bytes failed: ??a a?t?s? ReadProcessMemory ? WriteProcessMemory ??a??p??????e µ??? e? µ??e?. (0x12B)
[0306/174620.371:WARNING:pe_image_reader.cc(340)] could not read dos header from C:\WINDOWS\System32\cfgmgr32.dll
[0306/174620.372:ERROR:process_memory_win.cc(73)] ReadMemory at 0x7ff9c5450000 of 64 bytes failed: ??a a?t?s? ReadProcessMemory ? WriteProcessMemory ??a??p??????e µ??? e? µ??e?. (0x12B)
[0306/174620.372:WARNING:pe_image_reader.cc(340)] could not read dos header from C:\WINDOWS\SYSTEM32\PROPSYS.dll
[0306/174620.372:ERROR:process_memory_win.cc(73)] ReadMemory at 0x7ff9ca550000 of 64 bytes failed: ??a a?t?s? ReadProcessMemory ? WriteProcessMemory ??a??p??????e µ??? e? µ??e?. (0x12B)
[0306/174620.372:WARNING:pe_image_reader.cc(340)] could not read dos header from C:\WINDOWS\System32\shcore.dll
[0306/174620.372:ERROR:process_memory_win.cc(73)] ReadMemory at 0x7ff9c8fc0000 of 64 bytes failed: ??a a?t?s? ReadProcessMemory ? WriteProcessMemory ??a??p??????e µ??? e? µ??e?. (0x12B)
[0306/174620.372:WARNING:pe_image_reader.cc(340)] could not read dos header from C:\WINDOWS\SYSTEM32\SSPICLI.DLL
[0306/174620.372:ERROR:process_memory_win.cc(73)] ReadMemory at 0x7ff9c8b10000 of 64 bytes failed: ??a a?t?s? ReadProcessMemory ? WriteProcessMemory ??a??p??????e µ??? e? µ??e?. (0x12B)
[0306/174620.372:WARNING:pe_image_reader.cc(340)] could not read dos header from C:\WINDOWS\SYSTEM32\CRYPTBASE.DLL
[0306/174620.372:ERROR:process_memory_win.cc(73)] ReadMemory at 0x7ff997500000 of 64 bytes failed: ??a a?t?s? ReadProcessMemory ? WriteProcessMemory ??a??p??????e µ??? e? µ??e?. (0x12B)
[0306/174620.372:WARNING:pe_image_reader.cc(340)] could not read dos header from C:\WINDOWS\SYSTEM32\mfplat.dll
[0306/174620.372:ERROR:process_memory_win.cc(73)] ReadMemory at 0x7ff9cc0c0000 of 64 bytes failed: ??a a?t?s? ReadProcessMemory ? WriteProcessMemory ??a??p??????e µ??? e? µ??e?. (0x12B)
[0306/174620.372:WARNING:pe_image_reader.cc(340)] could not read dos header from C:\WINDOWS\System32\gdi32.dll
[0306/174620.372:ERROR:process_memory_win.cc(73)] ReadMemory at 0x7ff9ca120000 of 64 bytes failed: ??a a?t?s? ReadProcessMemory ? WriteProcessMemory ??a??p??????e µ??? e? µ??e?. (0x12B)
[0306/174620.373:WARNING:pe_image_reader.cc(340)] could not read dos header from C:\WINDOWS\System32\gdi32full.dll
[0306/174620.373:ERROR:process_memory_win.cc(73)] ReadMemory at 0x7ff9cc890000 of 64 bytes failed: ??a a?t?s? ReadProcessMemory ? WriteProcessMemory ??a??p??????e µ??? e? µ??e?. (0x12B)
[0306/174620.373:WARNING:pe_image_reader.cc(340)] could not read dos header from C:\WINDOWS\System32\USER32.dll
[0306/174620.373:ERROR:process_memory_win.cc(73)] ReadMemory at 0x7ff9c9ab0000 of 64 bytes failed: ??a a?t?s? ReadProcessMemory ? WriteProcessMemory ??a??p??????e µ??? e? µ??e?. (0x12B)
[0306/174620.373:WARNING:pe_image_reader.cc(340)] could not read dos header from C:\WINDOWS\System32\win32u.dll
[0306/174620.373:ERROR:process_memory_win.cc(73)] ReadMemory at 0x7ff9cbfc0000 of 64 bytes failed: ??a a?t?s? ReadProcessMemory ? WriteProcessMemory ??a??p??????e µ??? e? µ??e?. (0x12B)
[0306/174620.373:WARNING:pe_image_reader.cc(340)] could not read dos header from C:\WINDOWS\System32\IMM32.DLL
[0306/174620.373:ERROR:process_memory_win.cc(73)] ReadMemory at 0x7ff9ade50000 of 64 bytes failed: ??a a?t?s? ReadProcessMemory ? WriteProcessMemory ??a??p??????e µ??? e? µ??e?. (0x12B)
[0306/174620.373:WARNING:pe_image_reader.cc(340)] could not read dos header from C:\WINDOWS\SYSTEM32\RTWorkQ.DLL
[0306/174620.373:ERROR:process_memory_win.cc(73)] ReadMemory at 0x7ff969e70000 of 64 bytes failed: ??a a?t?s? ReadProcessMemory ? WriteProcessMemory ??a??p??????e µ??? e? µ??e?. (0x12B)
[0306/174620.373:WARNING:pe_image_reader.cc(340)] could not read dos header from C:\WINDOWS\SYSTEM32\msmpeg2vdec.dll
[0306/174620.373:ERROR:process_memory_win.cc(73)] ReadMemory at 0x7ff9ca100000 of 64 bytes failed: ??a a?t?s? ReadProcessMemory ? WriteProcessMemory ??a??p??????e µ??? e? µ??e?. (0x12B)
[0306/174620.373:WARNING:pe_image_reader.cc(340)] could not read dos header from C:\WINDOWS\System32\cryptsp.dll
[0306/174620.374:ERROR:process_memory_win.cc(73)] ReadMemory at 0x7ff969c70000 of 64 bytes failed: ??a a?t?s? ReadProcessMemory ? WriteProcessMemory ??a??p??????e µ??? e? µ??e?. (0x12B)
[0306/174620.374:WARNING:pe_image_reader.cc(340)] could not read dos header from C:\WINDOWS\SYSTEM32\mfperfhelper.dll
[0306/174620.374:ERROR:process_memory_win.cc(73)] ReadMemory at 0x7ff966450000 of 64 bytes failed: ??a a?t?s? ReadProcessMemory ? WriteProcessMemory ??a??p??????e µ??? e? µ??e?. (0x12B)
[0306/174620.374:WARNING:pe_image_reader.cc(340)] could not read dos header from C:\WINDOWS\SYSTEM32\evr.dll
[0306/174620.374:ERROR:process_memory_win.cc(73)] ReadMemory at 0x7ff9c9110000 of 64 bytes failed: ??a a?t?s? ReadProcessMemory ? WriteProcessMemory ??a??p??????e µ??? e? µ??e?. (0x12B)
[0306/174620.374:WARNING:pe_image_reader.cc(340)] could not read dos header from C:\WINDOWS\System32\powrprof.dll
[0306/174620.374:ERROR:process_memory_win.cc(73)] ReadMemory at 0x7ff984690000 of 64 bytes failed: ??a a?t?s? ReadProcessMemory ? WriteProcessMemory ??a??p??????e µ??? e? µ??e?. (0x12B)
[0306/174620.374:WARNING:pe_image_reader.cc(340)] could not read dos header from C:\WINDOWS\SYSTEM32\msauddecmft.dll
[0306/174620.374:ERROR:process_memory_win.cc(73)] ReadMemory at 0x7ff7d9c20000 of 64 bytes failed: ??a a?t?s? ReadProcessMemory ? WriteProcessMemory ??a??p??????e µ??? e? µ??e?. (0x12B)
[0306/174620.374:WARNING:pe_image_reader.cc(340)] could not read dos header from C:\Program Files (x86)\AVAST Software\Browser\Application\AvastBrowser.exe
[0306/174620.374:ERROR:process_memory_win.cc(73)] ReadMemory at 0x7ff9cd0c0000 of 64 bytes failed: ??a a?t?s? ReadProcessMemory ? WriteProcessMemory ??a??p??????e µ??? e? µ??e?. (0x12B)
[0306/174620.374:WARNING:pe_image_reader.cc(340)] could not read dos header from C:\WINDOWS\SYSTEM32\ntdll.dll
[0306/174620.375:ERROR:process_memory_win.cc(73)] ReadMemory at 0x7ff9cc6d0000 of 64 bytes failed: ??a a?t?s? ReadProcessMemory ? WriteProcessMemory ??a??p??????e µ??? e? µ??e?. (0x12B)
[0306/174620.375:WARNING:pe_image_reader.cc(340)] could not read dos header from C:\WINDOWS\System32\KERNEL32.DLL
[0306/174620.375:ERROR:process_memory_win.cc(73)] ReadMemory at 0x7ff9c9cb0000 of 64 bytes failed: ??a a?t?s? ReadProcessMemory ? WriteProcessMemory ??a??p??????e µ??? e? µ??e?. (0x12B)
[0306/174620.375:WARNING:pe_image_reader.cc(340)] could not read dos header from C:\WINDOWS\System32\KERNELBASE.dll
[0306/174620.375:ERROR:process_memory_win.cc(73)] ReadMemory at 0x7ff985f20000 of 64 bytes failed: ??a a?t?s? ReadProcessMemory ? WriteProcessMemory ??a??p??????e µ??? e? µ??e?. (0x12B)
[0306/174620.375:WARNING:pe_image_reader.cc(340)] could not read dos header from C:\Program Files (x86)\AVAST Software\Browser\Application\79.0.3062.80\chrome_elf.dll
[0306/174620.375:ERROR:process_memory_win.cc(73)] ReadMemory at 0x7ff9c2130000 of 64 bytes failed: ??a a?t?s? ReadProcessMemory ? WriteProcessMemory ??a??p??????e µ??? e? µ??e?. (0x12B)
[0306/174620.375:WARNING:pe_image_reader.cc(340)] could not read dos header from C:\WINDOWS\SYSTEM32\VERSION.dll
[0306/174620.375:ERROR:process_memory_win.cc(73)] ReadMemory at 0x2931e9f0000 of 64 bytes failed: ??a a?t?s? ReadProcessMemory ? WriteProcessMemory ??a??p??????e µ??? e? µ??e?. (0x12B)
[0306/174620.375:WARNING:pe_image_reader.cc(340)] could not read dos header from C:\WINDOWS\System32\msvcrt.dll
[0306/174620.375:ERROR:process_memory_win.cc(73)] ReadMemory at 0x7ff9c9980000 of 64 bytes failed: ??a a?t?s? ReadProcessMemory ? WriteProcessMemory ??a??p??????e µ??? e? µ??e?. (0x12B)
[0306/174620.375:WARNING:pe_image_reader.cc(340)] could not read dos header from C:\WINDOWS\System32\bcryptPrimitives.dll
[0306/174620.376:ERROR:process_memory_win.cc(73)] ReadMemory at 0x7ff9ccca0000 of 64 bytes failed: ??a a?t?s? ReadProcessMemory ? WriteProcessMemory ??a??p??????e µ??? e? µ??e?. (0x12B)
[0306/174620.376:WARNING:pe_image_reader.cc(340)] could not read dos header from C:\WINDOWS\System32\ADVAPI32.dll
[0306/174620.376:ERROR:process_memory_win.cc(73)] ReadMemory at 0x7ff9cca30000 of 64 bytes failed: ??a a?t?s? ReadProcessMemory ? WriteProcessMemory ??a??p??????e µ??? e? µ??e?. (0x12B)
[0306/174620.376:WARNING:pe_image_reader.cc(340)] could not read dos header from C:\WINDOWS\System32\sechost.dll
[0306/174620.376:ERROR:process_memory_win.cc(73)] ReadMemory at 0x7ff9ca6e0000 of 64 bytes failed: ??a a?t?s? ReadProcessMemory ? WriteProcessMemory ??a??p??????e µ??? e? µ??e?. (0x12B)
[0306/174620.376:WARNING:pe_image_reader.cc(340)] could not read dos header from C:\WINDOWS\System32\RPCRT4.dll
[0306/174620.376:ERROR:process_memory_win.cc(73)] ReadMemory at 0x7ff946e60000 of 64 bytes failed: ??a a?t?s? ReadProcessMemory ? WriteProcessMemory ??a??p??????e µ??? e? µ??e?. (0x12B)
[0306/174620.376:WARNING:pe_image_reader.cc(340)] could not read dos header from C:\Program Files (x86)\AVAST Software\Browser\Application\79.0.3062.80\chrome_child.dll
[0306/174620.376:ERROR:process_memory_win.cc(73)] ReadMemory at 0x7ff9cbff0000 of 64 bytes failed: ??a a?t?s? ReadProcessMemory ? WriteProcessMemory ??a??p??????e µ??? e? µ??e?. (0x12B)
[0306/174620.376:WARNING:pe_image_reader.cc(340)] could not read dos header from C:\WINDOWS\System32\OLEAUT32.dll
[0306/174620.376:ERROR:process_memory_win.cc(73)] ReadMemory at 0x7ff9c9190000 of 64 bytes failed: ??a a?t?s? ReadProcessMemory ? WriteProcessMemory ??a??p??????e µ??? e? µ??e?. (0x12B)
[0306/174620.376:WARNING:pe_image_reader.cc(340)] could not read dos header from C:\WINDOWS\System32\msvcp_win.dll
[0306/174620.377:ERROR:process_memory_win.cc(73)] ReadMemory at 0x7ff9c9f50000 of 64 bytes failed: ??a a?t?s? ReadProcessMemory ? WriteProcessMemory ??a??p??????e µ??? e? µ??e?. (0x12B)
[0306/174620.377:WARNING:pe_image_reader.cc(340)] could not read dos header from C:\WINDOWS\System32\ucrtbase.dll
[0306/174620.377:ERROR:process_memory_win.cc(73)] ReadMemory at 0x7ff9ccd50000 of 64 bytes failed: ??a a?t?s? ReadProcessMemory ? WriteProcessMemory ??a??p??????e µ??? e? µ??e?. (0x12B)
[0306/174620.377:WARNING:pe_image_reader.cc(340)] could not read dos header from C:\WINDOWS\System32\combase.dll
[0306/174620.377:ERROR:process_memory_win.cc(73)] ReadMemory at 0x7ff9ccc20000 of 64 bytes failed: ??a a?t?s? ReadProcessMemory ? WriteProcessMemory ??a??p??????e µ??? e? µ??e?. (0x12B)
[0306/174620.377:WARNING:pe_image_reader.cc(340)] could not read dos header from C:\WINDOWS\System32\WS2_32.dll
[0306/174620.377:ERROR:process_memory_win.cc(73)] ReadMemory at 0x7ff9ca050000 of 64 bytes failed: ??a a?t?s? ReadProcessMemory ? WriteProcessMemory ??a??p??????e µ??? e? µ??e?. (0x12B)
[0306/174620.377:WARNING:pe_image_reader.cc(340)] could not read dos header from C:\WINDOWS\System32\WINTRUST.dll
[0306/174620.377:ERROR:process_memory_win.cc(73)] ReadMemory at 0x7ff9c9170000 of 64 bytes failed: ??a a?t?s? ReadProcessMemory ? WriteProcessMemory ??a??p??????e µ??? e? µ??e?. (0x12B)
[0306/174620.377:WARNING:pe_image_reader.cc(340)] could not read dos header from C:\WINDOWS\System32\MSASN1.dll
[0306/174620.377:ERROR:process_memory_win.cc(73)] ReadMemory at 0x7ff9c9ad0000 of 64 bytes failed: ??a a?t?s? ReadProcessMemory ? WriteProcessMemory ??a??p??????e µ??? e? µ??e?. (0x12B)
[0306/174620.377:WARNING:pe_image_reader.cc(340)] could not read dos header from C:\WINDOWS\System32\CRYPT32.dll
[0306/174620.378:ERROR:process_memory_win.cc(73)] ReadMemory at 0x7ff9c86a0000 of 64 bytes failed: ??a a?t?s? ReadProcessMemory ? WriteProcessMemory ??a??p??????e µ??? e? µ??e?. (0x12B)
[0306/174620.378:WARNING:pe_image_reader.cc(340)] could not read dos header from C:\WINDOWS\SYSTEM32\IPHLPAPI.DLL
[0306/174620.378:ERROR:process_memory_win.cc(73)] ReadMemory at 0x7ff9c59a0000 of 64 bytes failed: ??a a?t?s? ReadProcessMemory ? WriteProcessMemory ??a??p??????e µ??? e? µ??e?. (0x12B)
[0306/174620.378:WARNING:pe_image_reader.cc(340)] could not read dos header from C:\WINDOWS\SYSTEM32\WINMM.dll
[0306/174620.378:ERROR:process_memory_win.cc(73)] ReadMemory at 0x7ff9c8ff0000 of 64 bytes failed: ??a a?t?s? ReadProcessMemory ? WriteProcessMemory ??a??p??????e µ??? e? µ??e?. (0x12B)
[0306/174620.378:WARNING:pe_image_reader.cc(340)] could not read dos header from C:\WINDOWS\SYSTEM32\USERENV.dll
[0306/174620.378:ERROR:process_memory_win.cc(73)] ReadMemory at 0x7ff9c90e0000 of 64 bytes failed: ??a a?t?s? ReadProcessMemory ? WriteProcessMemory ??a??p??????e µ??? e? µ??e?. (0x12B)
[0306/174620.378:WARNING:pe_image_reader.cc(340)] could not read dos header from C:\WINDOWS\System32\profapi.dll
[0306/174620.378:ERROR:process_memory_win.cc(73)] ReadMemory at 0x7ff9b8c30000 of 64 bytes failed: ??a a?t?s? ReadProcessMemory ? WriteProcessMemory ??a??p??????e µ??? e? µ??e?. (0x12B)
[0306/174620.378:WARNING:pe_image_reader.cc(340)] could not read dos header from C:\WINDOWS\SYSTEM32\DWrite.dll
[0306/174620.378:ERROR:process_memory_win.cc(73)] ReadMemory at 0x7ff9b81e0000 of 64 bytes failed: ??a a?t?s? ReadProcessMemory ? WriteProcessMemory ??a??p??????e µ??? e? µ??e?. (0x12B)
[0306/174620.378:WARNING:pe_image_reader.cc(340)] could not read dos header from C:\WINDOWS\SYSTEM32\WINSPOOL.DRV
[0306/174620.378:ERROR:process_memory_win.cc(73)] ReadMemory at 0x7ff9c90c0000 of 64 bytes failed: ??a a?t?s? ReadProcessMemory ? WriteProcessMemory ??a??p??????e µ??? e? µ??e?. (0x12B)
[0306/174620.379:WARNING:pe_image_reader.cc(340)] could not read dos header from C:\WINDOWS\System32\kernel.appcore.dll
[0306/174620.379:ERROR:process_memory_win.cc(73)] ReadMemory at 0x7ff9ca2c0000 of 64 bytes failed: ??a a?t?s? ReadProcessMemory ? WriteProcessMemory ??a??p??????e µ??? e? µ??e?. (0x12B)
[0306/174620.379:WARNING:pe_image_reader.cc(340)] could not read dos header from C:\WINDOWS\System32\bcrypt.dll
[0306/174620.379:ERROR:process_memory_win.cc(73)] ReadMemory at 0x7ff9bd550000 of 64 bytes failed: ??a a?t?s? ReadProcessMemory ? WriteProcessMemory ??a??p??????e µ??? e? µ??e?. (0x12B)
[0306/174620.379:WARNING:pe_image_reader.cc(340)] could not read dos header from C:\WINDOWS\SYSTEM32\dbghelp.dll
[0306/174620.379:ERROR:process_memory_win.cc(73)] ReadMemory at 0x7ff9ba810000 of 64 bytes failed: ??a a?t?s? ReadProcessMemory ? WriteProcessMemory ??a??p??????e µ??? e? µ??e?. (0x12B)
[0306/174620.379:WARNING:pe_image_reader.cc(340)] could not read dos header from C:\WINDOWS\SYSTEM32\Secur32.dll
[0306/174620.379:ERROR:process_memory_win.cc(73)] ReadMemory at 0x7ff9be570000 of 64 bytes failed: ??a a?t?s? ReadProcessMemory ? WriteProcessMemory ??a??p??????e µ??? e? µ??e?. (0x12B)
[0306/174620.379:WARNING:pe_image_reader.cc(340)] could not read dos header from C:\WINDOWS\SYSTEM32\WINHTTP.dll
[0306/174620.379:ERROR:process_memory_win.cc(73)] ReadMemory at 0x7ff9bfc80000 of 64 bytes failed: ??a a?t?s? ReadProcessMemory ? WriteProcessMemory ??a??p??????e µ??? e? µ??e?. (0x12B)
[0306/174620.379:WARNING:pe_image_reader.cc(340)] could not read dos header from C:\WINDOWS\SYSTEM32\dhcpcsvc.DLL
[0306/174620.379:ERROR:process_memory_win.cc(73)] ReadMemory at 0x7ff9cbf30000 of 64 bytes failed: ??a a?t?s? ReadProcessMemory ? WriteProcessMemory ??a??p??????e µ??? e? µ??e?. (0x12B)
[0306/174620.379:WARNING:pe_image_reader.cc(340)] could not read dos header from C:\WINDOWS\System32\NSI.dll
[0306/174620.379:ERROR:process_memory_win.cc(73)] ReadMemory at 0x7ff9c5970000 of 64 bytes failed: ??a a?t?s? ReadProcessMemory ? WriteProcessMemory ??a??p??????e µ??? e? µ??e?. (0x12B)
[0306/174620.379:WARNING:pe_image_reader.cc(340)] could not read dos header from C:\WINDOWS\SYSTEM32\WINMMBASE.dll
[0306/174620.379:ERROR:process_memory_win.cc(73)] ReadMemory at 0x7ff9ca0b0000 of 64 bytes failed: ??a a?t?s? ReadProcessMemory ? WriteProcessMemory ??a??p??????e µ??? e? µ??e?. (0x12B)
[0306/174620.379:WARNING:pe_image_reader.cc(340)] could not read dos header from C:\WINDOWS\System32\cfgmgr32.dll
[0306/174620.380:ERROR:process_memory_win.cc(73)] ReadMemory at 0x7ff9c5450000 of 64 bytes failed: ??a a?t?s? ReadProcessMemory ? WriteProcessMemory ??a??p??????e µ??? e? µ??e?. (0x12B)
[0306/174620.380:WARNING:pe_image_reader.cc(340)] could not read dos header from C:\WINDOWS\SYSTEM32\PROPSYS.dll
[0306/174620.380:ERROR:process_memory_win.cc(73)] ReadMemory at 0x7ff9ca550000 of 64 bytes failed: ??a a?t?s? ReadProcessMemory ? WriteProcessMemory ??a??p??????e µ??? e? µ??e?. (0x12B)
[0306/174620.380:WARNING:pe_image_reader.cc(340)] could not read dos header from C:\WINDOWS\System32\shcore.dll
[0306/174620.380:ERROR:process_memory_win.cc(73)] ReadMemory at 0x7ff9c8fc0000 of 64 bytes failed: ??a a?t?s? ReadProcessMemory ? WriteProcessMemory ??a??p??????e µ??? e? µ??e?. (0x12B)
[0306/174620.380:WARNING:pe_image_reader.cc(340)] could not read dos header from C:\WINDOWS\SYSTEM32\SSPICLI.DLL
[0306/174620.380:ERROR:process_memory_win.cc(73)] ReadMemory at 0x7ff9c8b10000 of 64 bytes failed: ??a a?t?s? ReadProcessMemory ? WriteProcessMemory ??a??p??????e µ??? e? µ??e?. (0x12B)
[0306/174620.380:WARNING:pe_image_reader.cc(340)] could not read dos header from C:\WINDOWS\SYSTEM32\CRYPTBASE.DLL
[0306/174620.380:ERROR:process_memory_win.cc(73)] ReadMemory at 0x7ff997500000 of 64 bytes failed: ??a a?t?s? ReadProcessMemory ? WriteProcessMemory ??a??p??????e µ??? e? µ??e?. (0x12B)
[0306/174620.380:WARNING:pe_image_reader.cc(340)] could not read dos header from C:\WINDOWS\SYSTEM32\mfplat.dll
[0306/174620.380:ERROR:process_memory_win.cc(73)] ReadMemory at 0x7ff9cc0c0000 of 64 bytes failed: ??a a?t?s? ReadProcessMemory ? WriteProcessMemory ??a??p??????e µ??? e? µ??e?. (0x12B)
[0306/174620.380:WARNING:pe_image_reader.cc(340)] could not read dos header from C:\WINDOWS\System32\gdi32.dll
[0306/174620.380:ERROR:process_memory_win.cc(73)] ReadMemory at 0x7ff9ca120000 of 64 bytes failed: ??a a?t?s? ReadProcessMemory ? WriteProcessMemory ??a??p??????e µ??? e? µ??e?. (0x12B)
[0306/174620.380:WARNING:pe_image_reader.cc(340)] could not read dos header from C:\WINDOWS\System32\gdi32full.dll
[0306/174620.380:ERROR:process_memory_win.cc(73)] ReadMemory at 0x7ff9cc890000 of 64 bytes failed: ??a a?t?s? ReadProcessMemory ? WriteProcessMemory ??a??p??????e µ??? e? µ??e?. (0x12B)
[0306/174620.380:WARNING:pe_image_reader.cc(340)] could not read dos header from C:\WINDOWS\System32\USER32.dll
[0306/174620.381:ERROR:process_memory_win.cc(73)] ReadMemory at 0x7ff9c9ab0000 of 64 bytes failed: ??a a?t?s? ReadProcessMemory ? WriteProcessMemory ??a??p??????e µ??? e? µ??e?. (0x12B)
[0306/174620.381:WARNING:pe_image_reader.cc(340)] could not read dos header from C:\WINDOWS\System32\win32u.dll
[0306/174620.381:ERROR:process_memory_win.cc(73)] ReadMemory at 0x7ff9cbfc0000 of 64 bytes failed: ??a a?t?s? ReadProcessMemory ? WriteProcessMemory ??a??p??????e µ??? e? µ??e?. (0x12B)
[0306/174620.381:WARNING:pe_image_reader.cc(340)] could not read dos header from C:\WINDOWS\System32\IMM32.DLL
[0306/174620.381:ERROR:process_memory_win.cc(73)] ReadMemory at 0x7ff9ade50000 of 64 bytes failed: ??a a?t?s? ReadProcessMemory ? WriteProcessMemory ??a??p??????e µ??? e? µ??e?. (0x12B)
[0306/174620.381:WARNING:pe_image_reader.cc(340)] could not read dos header from C:\WINDOWS\SYSTEM32\RTWorkQ.DLL
[0306/174620.381:ERROR:process_memory_win.cc(73)] ReadMemory at 0x7ff969e70000 of 64 bytes failed: ??a a?t?s? ReadProcessMemory ? WriteProcessMemory ??a??p??????e µ??? e? µ??e?. (0x12B)
[0306/174620.381:WARNING:pe_image_reader.cc(340)] could not read dos header from C:\WINDOWS\SYSTEM32\msmpeg2vdec.dll
[0306/174620.381:ERROR:process_memory_win.cc(73)] ReadMemory at 0x7ff9ca100000 of 64 bytes failed: ??a a?t?s? ReadProcessMemory ? WriteProcessMemory ??a??p??????e µ??? e? µ??e?. (0x12B)
[0306/174620.381:WARNING:pe_image_reader.cc(340)] could not read dos header from C:\WINDOWS\System32\cryptsp.dll
[0306/174620.381:ERROR:process_memory_win.cc(73)] ReadMemory at 0x7ff969c70000 of 64 bytes failed: ??a a?t?s? ReadProcessMemory ? WriteProcessMemory ??a??p??????e µ??? e? µ??e?. (0x12B)
[0306/174620.381:WARNING:pe_image_reader.cc(340)] could not read dos header from C:\WINDOWS\SYSTEM32\mfperfhelper.dll
[0306/174620.381:ERROR:process_memory_win.cc(73)] ReadMemory at 0x7ff966450000 of 64 bytes failed: ??a a?t?s? ReadProcessMemory ? WriteProcessMemory ??a??p??????e µ??? e? µ??e?. (0x12B)
[0306/174620.381:WARNING:pe_image_reader.cc(340)] could not read dos header from C:\WINDOWS\SYSTEM32\evr.dll
[0306/174620.381:ERROR:process_memory_win.cc(73)] ReadMemory at 0x7ff9c9110000 of 64 bytes failed: ??a a?t?s? ReadProcessMemory ? WriteProcessMemory ??a??p??????e µ??? e? µ??e?. (0x12B)
[0306/174620.381:WARNING:pe_image_reader.cc(340)] could not read dos header from C:\WINDOWS\System32\powrprof.dll
[0306/174620.381:ERROR:process_memory_win.cc(73)] ReadMemory at 0x7ff984690000 of 64 bytes failed: ??a a?t?s? ReadProcessMemory ? WriteProcessMemory ??a??p??????e µ??? e? µ??e?. (0x12B)
[0306/174620.381:WARNING:pe_image_reader.cc(340)] could not read dos header from C:\WINDOWS\SYSTEM32\msauddecmft.dll
[0306/174620.620:ERROR:process_memory_win.cc(73)] ReadMemory at 0xaaa7597000 of 430080 bytes failed: ??a a?t?s? ReadProcessMemory ? WriteProcessMemory ??a??p??????e µ??? e? µ??e?. (0x12B)
[0306/174620.622:ERROR:process_memory_win.cc(73)] ReadMemory at 0xaaa7dfd000 of 12288 bytes failed: ??a a?t?s? ReadProcessMemory ? WriteProcessMemory ??a??p??????e µ??? e? µ??e?. (0x12B)
[0306/174620.622:ERROR:process_memory_win.cc(73)] ReadMemory at 0xaaa8dfc000 of 16384 bytes failed: ??a a?t?s? ReadProcessMemory ? WriteProcessMemory ??a??p??????e µ??? e? µ??e?. (0x12B)
[0306/174620.622:ERROR:process_memory_win.cc(73)] ReadMemory at 0xaaa95fc000 of 16384 bytes failed: ??a a?t?s? ReadProcessMemory ? WriteProcessMemory ??a??p??????e µ??? e? µ??e?. (0x12B)
[0306/174620.622:ERROR:process_memory_win.cc(73)] ReadMemory at 0xaaa9dfe000 of 8192 bytes failed: ??a a?t?s? ReadProcessMemory ? WriteProcessMemory ??a??p??????e µ??? e? µ??e?. (0x12B)
[0306/174620.623:ERROR:process_memory_win.cc(73)] ReadMemory at 0xaaaa5fd000 of 12288 bytes failed: ??a a?t?s? ReadProcessMemory ? WriteProcessMemory ??a??p??????e µ??? e? µ??e?. (0x12B)
[0306/174620.623:ERROR:process_memory_win.cc(73)] ReadMemory at 0xaaaadfb000 of 20480 bytes failed: ??a a?t?s? ReadProcessMemory ? WriteProcessMemory ??a??p??????e µ??? e? µ??e?. (0x12B)
[0306/174620.623:ERROR:process_memory_win.cc(73)] ReadMemory at 0xaaab5fd000 of 12288 bytes failed: ??a a?t?s? ReadProcessMemory ? WriteProcessMemory ??a??p??????e µ??? e? µ??e?. (0x12B)
[0306/174620.623:ERROR:process_memory_win.cc(73)] ReadMemory at 0xaaac5fb000 of 20480 bytes failed: ??a a?t?s? ReadProcessMemory ? WriteProcessMemory ??a??p??????e µ??? e? µ??e?. (0x12B)
[0306/174620.623:ERROR:process_memory_win.cc(73)] ReadMemory at 0xaaacdfa000 of 24576 bytes failed: ??a a?t?s? ReadProcessMemory ? WriteProcessMemory ??a??p??????e µ??? e? µ??e?. (0x12B)
[0306/174620.623:ERROR:process_memory_win.cc(73)] ReadMemory at 0xaaad5fb000 of 20480 bytes failed: ??a a?t?s? ReadProcessMemory ? WriteProcessMemory ??a??p??????e µ??? e? µ??e?. (0x12B)
[0306/174620.623:ERROR:process_memory_win.cc(73)] ReadMemory at 0xaaaddfa000 of 24576 bytes failed: ??a a?t?s? ReadProcessMemory ? WriteProcessMemory ??a??p??????e µ??? e? µ??e?. (0x12B)
[0306/174620.624:ERROR:process_memory_win.cc(73)] ReadMemory at 0xaaae5fa000 of 24576 bytes failed: ??a a?t?s? ReadProcessMemory ? WriteProcessMemory ??a??p??????e µ??? e? µ??e?. (0x12B)
[0306/174620.624:ERROR:process_memory_win.cc(73)] ReadMemory at 0xaaaedfd000 of 12288 bytes failed: ??a a?t?s? ReadProcessMemory ? WriteProcessMemory ??a??p??????e µ??? e? µ??e?. (0x12B)
[0306/174620.624:ERROR:process_memory_win.cc(73)] ReadMemory at 0xaaabdfd000 of 12288 bytes failed: ??a a?t?s? ReadProcessMemory ? WriteProcessMemory ??a??p??????e µ??? e? µ??e?. (0x12B)
[0306/174620.624:ERROR:process_memory_win.cc(73)] ReadMemory at 0xaab1df6000 of 40960 bytes failed: ??a a?t?s? ReadProcessMemory ? WriteProcessMemory ??a??p??????e µ??? e? µ??e?. (0x12B)
[0306/174620.624:ERROR:process_memory_win.cc(73)] ReadMemory at 0xaaa85f6000 of 40960 bytes failed: ??a a?t?s? ReadProcessMemory ? WriteProcessMemory ??a??p??????e µ??? e? µ??e?. (0x12B)
[0306/174620.624:ERROR:process_memory_win.cc(73)] ReadMemory at 0xaaaf5f6000 of 40960 bytes failed: ??a a?t?s? ReadProcessMemory ? WriteProcessMemory ??a??p??????e µ??? e? µ??e?. (0x12B)
[0306/174620.625:ERROR:process_memory_win.cc(73)] ReadMemory at 0xaaafdfc000 of 16384 bytes failed: ??a a?t?s? ReadProcessMemory ? WriteProcessMemory ??a??p??????e µ??? e? µ??e?. (0x12B)
[0306/174620.625:ERROR:process_memory_win.cc(73)] ReadMemory at 0xaab05fc000 of 16384 bytes failed: ??a a?t?s? ReadProcessMemory ? WriteProcessMemory ??a??p??????e µ??? e? µ??e?. (0x12B)
[0306/174620.625:ERROR:process_memory_win.cc(73)] ReadMemory at 0xaab0df6000 of 40960 bytes failed: ??a a?t?s? ReadProcessMemory ? WriteProcessMemory ??a??p??????e µ??? e? µ??e?. (0x12B)
[0306/174620.625:ERROR:process_memory_win.cc(73)] ReadMemory at 0xaab15fc000 of 16384 bytes failed: ??a a?t?s? ReadProcessMemory ? WriteProcessMemory ??a??p??????e µ??? e? µ??e?. (0x12B)
[0306/174620.625:ERROR:process_memory_win.cc(73)] ReadMemory at 0xaab25ff000 of 4096 bytes failed: ??a a?t?s? ReadProcessMemory ? WriteProcessMemory ??a??p??????e µ??? e? µ??e?. (0x12B)
[0306/174620.625:ERROR:process_memory_win.cc(73)] ReadMemory at 0xaaa6c0c000 of 852 bytes failed: ??a a?t?s? ReadProcessMemory ? WriteProcessMemory ??a??p??????e µ??? e? µ??e?. (0x12B)
[0306/174620.735:ERROR:process_memory_win.cc(73)] ReadMemory at 0xaaa6c0d000 of 6024 bytes failed: ??a a?t?s? ReadProcessMemory ? WriteProcessMemory ??a??p??????e µ??? e? µ??e?. (0x12B)
[0306/174620.761:ERROR:process_memory_win.cc(73)] ReadMemory at 0xaaa6c0f000 of 6024 bytes failed: ??a a?t?s? ReadProcessMemory ? WriteProcessMemory ??a??p??????e µ??? e? µ??e?. (0x12B)
[0306/174620.761:ERROR:process_memory_win.cc(73)] ReadMemory at 0xaaa6c13000 of 6024 bytes failed: ??a a?t?s? ReadProcessMemory ? WriteProcessMemory ??a??p??????e µ??? e? µ??e?. (0x12B)
[0306/174620.762:ERROR:process_memory_win.cc(73)] ReadMemory at 0xaaa6c15000 of 6024 bytes failed: ??a a?t?s? ReadProcessMemory ? WriteProcessMemory ??a??p??????e µ??? e? µ??e?. (0x12B)
[0306/174620.762:ERROR:process_memory_win.cc(73)] ReadMemory at 0xaaa6c17000 of 6024 bytes failed: ??a a?t?s? ReadProcessMemory ? WriteProcessMemory ??a??p??????e µ??? e? µ??e?. (0x12B)
[0306/174620.762:ERROR:process_memory_win.cc(73)] ReadMemory at 0xaaa6c19000 of 6024 bytes failed: ??a a?t?s? ReadProcessMemory ? WriteProcessMemory ??a??p??????e µ??? e? µ??e?. (0x12B)
[0306/174620.763:ERROR:process_memory_win.cc(73)] ReadMemory at 0xaaa6c1b000 of 6024 bytes failed: ??a a?t?s? ReadProcessMemory ? WriteProcessMemory ??a??p??????e µ??? e? µ??e?. (0x12B)
[0306/174620.763:ERROR:process_memory_win.cc(73)] ReadMemory at 0xaaa6c1d000 of 6024 bytes failed: ??a a?t?s? ReadProcessMemory ? WriteProcessMemory ??a??p??????e µ??? e? µ??e?. (0x12B)
[0306/174620.763:ERROR:process_memory_win.cc(73)] ReadMemory at 0xaaa6c21000 of 6024 bytes failed: ??a a?t?s? ReadProcessMemory ? WriteProcessMemory ??a??p??????e µ??? e? µ??e?. (0x12B)
[0306/174620.764:ERROR:process_memory_win.cc(73)] ReadMemory at 0xaaa6c23000 of 6024 bytes failed: ??a a?t?s? ReadProcessMemory ? WriteProcessMemory ??a??p??????e µ??? e? µ??e?. (0x12B)
[0306/174620.764:ERROR:process_memory_win.cc(73)] ReadMemory at 0xaaa6c25000 of 6024 bytes failed: ??a a?t?s? ReadProcessMemory ? WriteProcessMemory ??a??p??????e µ??? e? µ??e?. (0x12B)
[0306/174620.764:ERROR:process_memory_win.cc(73)] ReadMemory at 0xaaa6c27000 of 6024 bytes failed: ??a a?t?s? ReadProcessMemory ? WriteProcessMemory ??a??p??????e µ??? e? µ??e?. (0x12B)
[0306/174620.764:ERROR:process_memory_win.cc(73)] ReadMemory at 0xaaa6c29000 of 6024 bytes failed: ??a a?t?s? ReadProcessMemory ? WriteProcessMemory ??a??p??????e µ??? e? µ??e?. (0x12B)
[0306/174620.765:ERROR:process_memory_win.cc(73)] ReadMemory at 0xaaa6c2b000 of 6024 bytes failed: ??a a?t?s? ReadProcessMemory ? WriteProcessMemory ??a??p??????e µ??? e? µ??e?. (0x12B)
[0306/174620.765:ERROR:process_memory_win.cc(73)] ReadMemory at 0xaaa6c45000 of 6024 bytes failed: ??a a?t?s? ReadProcessMemory ? WriteProcessMemory ??a??p??????e µ??? e? µ??e?. (0x12B)
[0306/174620.765:ERROR:process_memory_win.cc(73)] ReadMemory at 0xaaa6cb1000 of 6024 bytes failed: ??a a?t?s? ReadProcessMemory ? WriteProcessMemory ??a??p??????e µ??? e? µ??e?. (0x12B)
[0306/174620.766:ERROR:process_memory_win.cc(73)] ReadMemory at 0xaaa6cb3000 of 6024 bytes failed: ??a a?t?s? ReadProcessMemory ? WriteProcessMemory ??a??p??????e µ??? e? µ??e?. (0x12B)
[0306/174620.766:ERROR:process_memory_win.cc(73)] ReadMemory at 0xaaa6cb5000 of 6024 bytes failed: ??a a?t?s? ReadProcessMemory ? WriteProcessMemory ??a??p??????e µ??? e? µ??e?. (0x12B)
[0306/174620.766:ERROR:process_memory_win.cc(73)] ReadMemory at 0xaaa6cb7000 of 6024 bytes failed: ??a a?t?s? ReadProcessMemory ? WriteProcessMemory ??a??p??????e µ??? e? µ??e?. (0x12B)
[0306/174620.766:ERROR:process_memory_win.cc(73)] ReadMemory at 0xaaa6cb9000 of 6024 bytes failed: ??a a?t?s? ReadProcessMemory ? WriteProcessMemory ??a??p??????e µ??? e? µ??e?. (0x12B)
[0306/174620.767:ERROR:process_memory_win.cc(73)] ReadMemory at 0xaaa6cbb000 of 6024 bytes failed: ??a a?t?s? ReadProcessMemory ? WriteProcessMemory ??a??p??????e µ??? e? µ??e?. (0x12B)
[0306/174620.767:ERROR:process_memory_win.cc(73)] ReadMemory at 0xaaa6cbd000 of 6024 bytes failed: ??a a?t?s? ReadProcessMemory ? WriteProcessMemory ??a??p??????e µ??? e? µ??e?. (0x12B)
[0306/174620.767:ERROR:process_memory_win.cc(73)] ReadMemory at 0xaaa6cbf000 of 6024 bytes failed: ??a a?t?s? ReadProcessMemory ? WriteProcessMemory ??a??p??????e µ??? e? µ??e?. (0x12B)
[0306/174620.768:ERROR:process_memory_win.cc(73)] ReadMemory at 0x2703d856591 of 512 bytes failed: ??a a?t?s? ReadProcessMemory ? WriteProcessMemory ??a??p??????e µ??? e? µ??e?. (0x12B)
[0306/174620.768:ERROR:process_memory_win.cc(73)] ReadMemory at 0x2931e8f0fe0 of 18098 bytes failed: ??a a?t?s? ReadProcessMemory ? WriteProcessMemory ??a??p??????e µ??? e? µ??e?. (0x12B)
[0306/174620.768:ERROR:process_memory_win.cc(73)] ReadMemory at 0x2931e8f56a0 of 1012 bytes failed: ??a a?t?s? ReadProcessMemory ? WriteProcessMemory ??a??p??????e µ??? e? µ??e?. (0x12B)
[0306/174620.768:ERROR:process_memory_win.cc(73)] ReadMemory at 0x2931e8f5cc8 of 148 bytes failed: ??a a?t?s? ReadProcessMemory ? WriteProcessMemory ??a??p??????e µ??? e? µ??e?. (0x12B)
[0306/174620.769:ERROR:process_memory_win.cc(73)] ReadMemory at 0x2931e8f5d5e of 922 bytes failed: ??a a?t?s? ReadProcessMemory ? WriteProcessMemory ??a??p??????e µ??? e? µ??e?. (0x12B)
[0306/174620.769:ERROR:process_memory_win.cc(73)] ReadMemory at 0x2931e8f60fa of 148 bytes failed: ??a a?t?s? ReadProcessMemory ? WriteProcessMemory ??a??p??????e µ??? e? µ??e?. (0x12B)
[0306/174620.769:ERROR:process_memory_win.cc(73)] ReadMemory at 0x2931e8f6190 of 96 bytes failed: ??a a?t?s? ReadProcessMemory ? WriteProcessMemory ??a??p??????e µ??? e? µ??e?. (0x12B)
[0306/174620.769:ERROR:process_memory_win.cc(73)] ReadMemory at 0x2931e8f6200 of 58 bytes failed: ??a a?t?s? ReadProcessMemory ? WriteProcessMemory ??a??p??????e µ??? e? µ??e?. (0x12B)
[0306/174620.769:ERROR:process_memory_win.cc(73)] ReadMemory at 0x2931e8f6300 of 132 bytes failed: ??a a?t?s? ReadProcessMemory ? WriteProcessMemory ??a??p??????e µ??? e? µ??e?. (0x12B)
[0306/174620.770:ERROR:process_memory_win.cc(73)] ReadMemory at 0x2931e8f6490 of 132 bytes failed: ??a a?t?s? ReadProcessMemory ? WriteProcessMemory ??a??p??????e µ??? e? µ??e?. (0x12B)
[0306/174620.770:ERROR:process_memory_win.cc(73)] ReadMemory at 0x2931e8f6650 of 142 bytes failed: ??a a?t?s? ReadProcessMemory ? WriteProcessMemory ??a??p??????e µ??? e? µ??e?. (0x12B)
[0306/174620.770:ERROR:process_memory_win.cc(73)] ReadMemory at 0x2931e8f6a30 of 132 bytes failed: ??a a?t?s? ReadProcessMemory ? WriteProcessMemory ??a??p??????e µ??? e? µ??e?. (0x12B)
[0306/174620.770:ERROR:process_memory_win.cc(73)] ReadMemory at 0x2931e8f6bc0 of 64 bytes failed: ??a a?t?s? ReadProcessMemory ? WriteProcessMemory ??a??p??????e µ??? e? µ??e?. (0x12B)
[0306/174620.770:ERROR:process_memory_win.cc(73)] ReadMemory at 0x2931e8f6c10 of 132 bytes failed: ??a a?t?s? ReadProcessMemory ? WriteProcessMemory ??a??p??????e µ??? e? µ??e?. (0x12B)
[0306/174620.771:ERROR:process_memory_win.cc(73)] ReadMemory at 0x2931e8f6d90 of 132 bytes failed: ??a a?t?s? ReadProcessMemory ? WriteProcessMemory ??a??p??????e µ??? e? µ??e?. (0x12B)
[0306/174620.996:ERROR:process_memory_win.cc(73)] ReadMemory at 0x2931e8f7020 of 132 bytes failed: ??a a?t?s? ReadProcessMemory ? WriteProcessMemory ??a??p??????e µ??? e? µ??e?. (0x12B)
[0306/174620.996:ERROR:process_memory_win.cc(73)] ReadMemory at 0x2931e8f71b0 of 68 bytes failed: ??a a?t?s? ReadProcessMemory ? WriteProcessMemory ??a??p??????e µ??? e? µ??e?. (0x12B)
[0306/174620.996:ERROR:process_memory_win.cc(73)] ReadMemory at 0x2931e8f80e0 of 174 bytes failed: ??a a?t?s? ReadProcessMemory ? WriteProcessMemory ??a??p??????e µ??? e? µ??e?. (0x12B)
[0306/174620.997:ERROR:process_memory_win.cc(73)] ReadMemory at 0x2931e8f81c0 of 132 bytes failed: ??a a?t?s? ReadProcessMemory ? WriteProcessMemory ??a??p??????e µ??? e? µ??e?. (0x12B)
[0306/174620.997:ERROR:process_memory_win.cc(73)] ReadMemory at 0x2931e8f8350 of 170 bytes failed: ??a a?t?s? ReadProcessMemory ? WriteProcessMemory ??a??p??????e µ??? e? µ??e?. (0x12B)
[0306/174620.997:ERROR:process_memory_win.cc(73)] ReadMemory at 0x2931e8f9110 of 132 bytes failed: ??a a?t?s? ReadProcessMemory ? WriteProcessMemory ??a??p??????e µ??? e? µ??e?. (0x12B)
[0306/174620.997:ERROR:process_memory_win.cc(73)] ReadMemory at 0x2931e8f9260 of 62 bytes failed: ??a a?t?s? ReadProcessMemory ? WriteProcessMemory ??a??p??????e µ??? e? µ??e?. (0x12B)
[0306/174620.997:ERROR:process_memory_win.cc(73)] ReadMemory at 0x2931e8f93c0 of 132 bytes failed: ??a a?t?s? ReadProcessMemory ? WriteProcessMemory ??a??p??????e µ??? e? µ??e?. (0x12B)
[0306/174620.998:ERROR:process_memory_win.cc(73)] ReadMemory at 0x2931e8f9550 of 60 bytes failed: ??a a?t?s? ReadProcessMemory ? WriteProcessMemory ??a??p??????e µ??? e? µ??e?. (0x12B)
[0306/174620.998:ERROR:process_memory_win.cc(73)] ReadMemory at 0x2931e8fdd90 of 64 bytes failed: ??a a?t?s? ReadProcessMemory ? WriteProcessMemory ??a??p??????e µ??? e? µ??e?. (0x12B)
[0306/174620.998:ERROR:process_memory_win.cc(73)] ReadMemory at 0x2931e8fdde0 of 60 bytes failed: ??a a?t?s? ReadProcessMemory ? WriteProcessMemory ??a??p??????e µ??? e? µ??e?. (0x12B)
[0306/174620.998:ERROR:process_memory_win.cc(73)] ReadMemory at 0x2931e8fde30 of 64 bytes failed: ??a a?t?s? ReadProcessMemory ? WriteProcessMemory ??a??p??????e µ??? e? µ??e?. (0x12B)
[0306/174620.998:ERROR:process_memory_win.cc(73)] ReadMemory at 0x2931e8fde80 of 62 bytes failed: ??a a?t?s? ReadProcessMemory ? WriteProcessMemory ??a??p??????e µ??? e? µ??e?. (0x12B)
[0306/174620.998:ERROR:process_memory_win.cc(73)] ReadMemory at 0x2931e8fdf70 of 60 bytes failed: ??a a?t?s? ReadProcessMemory ? WriteProcessMemory ??a??p??????e µ??? e? µ??e?. (0x12B)
[0306/174620.999:ERROR:process_memory_win.cc(73)] ReadMemory at 0x2931e8fdfc0 of 64 bytes failed: ??a a?t?s? ReadProcessMemory ? WriteProcessMemory ??a??p??????e µ??? e? µ??e?. (0x12B)
[0306/174620.999:ERROR:process_memory_win.cc(73)] ReadMemory at 0x2931e8fe150 of 64 bytes failed: ??a a?t?s? ReadProcessMemory ? WriteProcessMemory ??a??p??????e µ??? e? µ??e?. (0x12B)
[0306/174620.999:ERROR:process_memory_win.cc(73)] ReadMemory at 0x2931e8fe1a0 of 66 bytes failed: ??a a?t?s? ReadProcessMemory ? WriteProcessMemory ??a??p??????e µ??? e? µ??e?. (0x12B)
[0306/174620.999:ERROR:process_memory_win.cc(73)] ReadMemory at 0x2931e8fe1f0 of 62 bytes failed: ??a a?t?s? ReadProcessMemory ? WriteProcessMemory ??a??p??????e µ??? e? µ??e?. (0x12B)
[0306/174620.999:ERROR:process_memory_win.cc(73)] ReadMemory at 0x2931e8fecf0 of 132 bytes failed: ??a a?t?s? ReadProcessMemory ? WriteProcessMemory ??a??p??????e µ??? e? µ??e?. (0x12B)
[0306/174620.999:ERROR:process_memory_win.cc(73)] ReadMemory at 0x2931e8fee80 of 80 bytes failed: ??a a?t?s? ReadProcessMemory ? WriteProcessMemory ??a??p??????e µ??? e? µ??e?. (0x12B)
[0306/174621.086:ERROR:process_memory_win.cc(73)] ReadMemory at 0x2931e900040 of 976 bytes failed: ??a a?t?s? ReadProcessMemory ? WriteProcessMemory ??a??p??????e µ??? e? µ??e?. (0x12B)
[0306/174621.087:ERROR:process_memory_win.cc(73)] ReadMemory at 0x2931e901db0 of 132 bytes failed: ??a a?t?s? ReadProcessMemory ? WriteProcessMemory ??a??p??????e µ??? e? µ??e?. (0x12B)
[0306/174621.202:ERROR:process_memory_win.cc(73)] ReadMemory at 0x2931e902020 of 132 bytes failed: ??a a?t?s? ReadProcessMemory ? WriteProcessMemory ??a??p??????e µ??? e? µ??e?. (0x12B)
[0306/174621.202:ERROR:process_memory_win.cc(73)] ReadMemory at 0x2931e902150 of 132 bytes failed: ??a a?t?s? ReadProcessMemory ? WriteProcessMemory ??a??p??????e µ??? e? µ??e?. (0x12B)
[0306/174621.202:ERROR:process_memory_win.cc(73)] ReadMemory at 0x2931e9030e0 of 72 bytes failed: ??a a?t?s? ReadProcessMemory ? WriteProcessMemory ??a??p??????e µ??? e? µ??e?. (0x12B)
[0306/174621.202:ERROR:process_memory_win.cc(73)] ReadMemory at 0x2931e903980 of 76 bytes failed: ??a a?t?s? ReadProcessMemory ? WriteProcessMemory ??a??p??????e µ??? e? µ??e?. (0x12B)
[0306/174621.203:ERROR:process_memory_win.cc(73)] ReadMemory at 0x2931e904a40 of 54 bytes failed: ??a a?t?s? ReadProcessMemory ? WriteProcessMemory ??a??p??????e µ??? e? µ??e?. (0x12B)
[0306/174621.203:ERROR:process_memory_win.cc(73)] ReadMemory at 0x2931e906f90 of 62 bytes failed: ??a a?t?s? ReadProcessMemory ? WriteProcessMemory ??a??p??????e µ??? e? µ??e?. (0x12B)
[0306/174621.203:ERROR:process_memory_win.cc(73)] ReadMemory at 0x2931e906fe0 of 64 bytes failed: ??a a?t?s? ReadProcessMemory ? WriteProcessMemory ??a??p??????e µ??? e? µ??e?. (0x12B)
[0306/174621.337:ERROR:process_memory_win.cc(73)] ReadMemory at 0x2931e907030 of 66 bytes failed: ??a a?t?s? ReadProcessMemory ? WriteProcessMemory ??a??p??????e µ??? e? µ??e?. (0x12B)
[0306/174621.338:ERROR:process_memory_win.cc(73)] ReadMemory at 0x2931e907120 of 60 bytes failed: ??a a?t?s? ReadProcessMemory ? WriteProcessMemory ??a??p??????e µ??? e? µ??e?. (0x12B)
[0306/174621.338:ERROR:process_memory_win.cc(73)] ReadMemory at 0x2931e907210 of 64 bytes failed: ??a a?t?s? ReadProcessMemory ? WriteProcessMemory ??a??p??????e µ??? e? µ??e?. (0x12B)
[0306/174621.338:ERROR:process_memory_win.cc(73)] ReadMemory at 0x2931e907300 of 60 bytes failed: ??a a?t?s? ReadProcessMemory ? WriteProcessMemory ??a??p??????e µ??? e? µ??e?. (0x12B)
[0306/174621.338:ERROR:process_memory_win.cc(73)] ReadMemory at 0x2931e9075d0 of 60 bytes failed: ??a a?t?s? ReadProcessMemory ? WriteProcessMemory ??a??p??????e µ??? e? µ??e?. (0x12B)
[0306/174621.339:ERROR:process_memory_win.cc(73)] ReadMemory at 0x2931e9078a0 of 64 bytes failed: ??a a?t?s? ReadProcessMemory ? WriteProcessMemory ??a??p??????e µ??? e? µ??e?. (0x12B)
[0306/174621.339:ERROR:process_memory_win.cc(73)] ReadMemory at 0x2931e9078f0 of 62 bytes failed: ??a a?t?s? ReadProcessMemory ? WriteProcessMemory ??a??p??????e µ??? e? µ??e?. (0x12B)
[0306/174621.339:ERROR:process_memory_win.cc(73)] ReadMemory at 0x2931e907990 of 62 bytes failed: ??a a?t?s? ReadProcessMemory ? WriteProcessMemory ??a??p??????e µ??? e? µ??e?. (0x12B)
[0306/174621.363:ERROR:process_memory_win.cc(73)] ReadMemory at 0x2931e9079e0 of 62 bytes failed: ??a a?t?s? ReadProcessMemory ? WriteProcessMemory ??a??p??????e µ??? e? µ??e?. (0x12B)
[0306/174621.364:ERROR:process_memory_win.cc(73)] ReadMemory at 0x2931e907ad0 of 62 bytes failed: ??a a?t?s? ReadProcessMemory ? WriteProcessMemory ??a??p??????e µ??? e? µ??e?. (0x12B)
[0306/174621.364:ERROR:process_memory_win.cc(73)] ReadMemory at 0x2931e907c60 of 62 bytes failed: ??a a?t?s? ReadProcessMemory ? WriteProcessMemory ??a??p??????e µ??? e? µ??e?. (0x12B)
[0306/174621.364:ERROR:process_memory_win.cc(73)] ReadMemory at 0x2931e907cb0 of 64 bytes failed: ??a a?t?s? ReadProcessMemory ? WriteProcessMemory ??a??p??????e µ??? e? µ??e?. (0x12B)
[0306/174621.364:ERROR:process_memory_win.cc(73)] ReadMemory at 0x2931e907d50 of 60 bytes failed: ??a a?t?s? ReadProcessMemory ? WriteProcessMemory ??a??p??????e µ??? e? µ??e?. (0x12B)
[0306/174621.364:ERROR:process_memory_win.cc(73)] ReadMemory at 0x2931e907da0 of 58 bytes failed: ??a a?t?s? ReadProcessMemory ? WriteProcessMemory ??a??p??????e µ??? e? µ??e?. (0x12B)
[0306/174621.365:ERROR:process_memory_win.cc(73)] ReadMemory at 0x2931e907df0 of 62 bytes failed: ??a a?t?s? ReadProcessMemory ? WriteProcessMemory ??a??p??????e µ??? e? µ??e?. (0x12B)
[0306/174621.365:ERROR:process_memory_win.cc(73)] ReadMemory at 0x2931e907e40 of 62 bytes failed: ??a a?t?s? ReadProcessMemory ? WriteProcessMemory ??a??p??????e µ??? e? µ??e?. (0x12B)
[0306/174621.365:ERROR:process_memory_win.cc(73)] ReadMemory at 0x2931e908c20 of 132 bytes failed: ??a a?t?s? ReadProcessMemory ? WriteProcessMemory ??a??p??????e µ??? e? µ??e?. (0x12B)
[0306/174621.365:ERROR:process_memory_win.cc(73)] ReadMemory at 0x2931e908d50 of 132 bytes failed: ??a a?t?s? ReadProcessMemory ? WriteProcessMemory ??a??p??????e µ??? e? µ??e?. (0x12B)
[0306/174621.365:ERROR:process_memory_win.cc(73)] ReadMemory at 0x2931e908e80 of 132 bytes failed: ??a a?t?s? ReadProcessMemory ? WriteProcessMemory ??a??p??????e µ??? e? µ??e?. (0x12B)
[0306/174621.365:ERROR:process_memory_win.cc(73)] ReadMemory at 0x2931e908fb0 of 132 bytes failed: ??a a?t?s? ReadProcessMemory ? WriteProcessMemory ??a??p??????e µ??? e? µ??e?. (0x12B)
[0306/174621.366:ERROR:process_memory_win.cc(73)] ReadMemory at 0x2931e9090e0 of 132 bytes failed: ??a a?t?s? ReadProcessMemory ? WriteProcessMemory ??a??p??????e µ??? e? µ??e?. (0x12B)
[0306/174621.366:ERROR:process_memory_win.cc(73)] ReadMemory at 0x2931e909210 of 132 bytes failed: ??a a?t?s? ReadProcessMemory ? WriteProcessMemory ??a??p??????e µ??? e? µ??e?. (0x12B)
[0306/174621.366:ERROR:process_memory_win.cc(73)] ReadMemory at 0x2931e9093e0 of 132 bytes failed: ??a a?t?s? ReadProcessMemory ? WriteProcessMemory ??a??p??????e µ??? e? µ??e?. (0x12B)
[0306/174621.366:ERROR:process_memory_win.cc(73)] ReadMemory at 0x2931e909e40 of 132 bytes failed: ??a a?t?s? ReadProcessMemory ? WriteProcessMemory ??a??p??????e µ??? e? µ??e?. (0x12B)
[0306/174621.366:ERROR:process_memory_win.cc(73)] ReadMemory at 0x2931e90baa0 of 132 bytes failed: ??a a?t?s? ReadProcessMemory ? WriteProcessMemory ??a??p??????e µ??? e? µ??e?. (0x12B)
[0306/174621.366:ERROR:process_memory_win.cc(73)] ReadMemory at 0x2931e90be50 of 132 bytes failed: ??a a?t?s? ReadProcessMemory ? WriteProcessMemory ??a??p??????e µ??? e? µ??e?. (0x12B)
[0306/174621.366:ERROR:process_memory_win.cc(73)] ReadMemory at 0x2931e90bfd0 of 132 bytes failed: ??a a?t?s? ReadProcessMemory ? WriteProcessMemory ??a??p??????e µ??? e? µ??e?. (0x12B)
[0306/174621.367:ERROR:process_memory_win.cc(73)] ReadMemory at 0x2931e90c100 of 132 bytes failed: ??a a?t?s? ReadProcessMemory ? WriteProcessMemory ??a??p??????e µ??? e? µ??e?. (0x12B)
[0306/174621.367:ERROR:process_memory_win.cc(73)] ReadMemory at 0x2931e90c230 of 132 bytes failed: ??a a?t?s? ReadProcessMemory ? WriteProcessMemory ??a??p??????e µ??? e? µ??e?. (0x12B)
[0306/174621.367:ERROR:process_memory_win.cc(73)] ReadMemory at 0x2931e90c360 of 132 bytes failed: ??a a?t?s? ReadProcessMemory ? WriteProcessMemory ??a??p??????e µ??? e? µ??e?. (0x12B)
[0306/174621.367:ERROR:process_memory_win.cc(73)] ReadMemory at 0x2931e90c490 of 132 bytes failed: ??a a?t?s? ReadProcessMemory ? WriteProcessMemory ??a??p??????e µ??? e? µ??e?. (0x12B)
[0306/174621.367:ERROR:process_memory_win.cc(73)] ReadMemory at 0x2931e90c5c0 of 132 bytes failed: ??a a?t?s? ReadProcessMemory ? WriteProcessMemory ??a??p??????e µ??? e? µ??e?. (0x12B)
[0306/174621.368:ERROR:process_memory_win.cc(73)] ReadMemory at 0x2931e90c6f0 of 132 bytes failed: ??a a?t?s? ReadProcessMemory ? WriteProcessMemory ??a??p??????e µ??? e? µ??e?. (0x12B)
[0306/174621.368:ERROR:process_memory_win.cc(73)] ReadMemory at 0x2931e90c820 of 132 bytes failed: ??a a?t?s? ReadProcessMemory ? WriteProcessMemory ??a??p??????e µ??? e? µ??e?. (0x12B)
[0306/174621.368:ERROR:process_memory_win.cc(73)] ReadMemory at 0x2931e90c950 of 132 bytes failed: ??a a?t?s? ReadProcessMemory ? WriteProcessMemory ??a??p??????e µ??? e? µ??e?. (0x12B)
[0306/174621.368:ERROR:process_memory_win.cc(73)] ReadMemory at 0x2931e90ca80 of 132 bytes failed: ??a a?t?s? ReadProcessMemory ? WriteProcessMemory ??a??p??????e µ??? e? µ??e?. (0x12B)
[0306/174621.368:ERROR:process_memory_win.cc(73)] ReadMemory at 0x2931e90cbb0 of 132 bytes failed: ??a a?t?s? ReadProcessMemory ? WriteProcessMemory ??a??p??????e µ??? e? µ??e?. (0x12B)
[0306/174621.494:ERROR:process_memory_win.cc(73)] ReadMemory at 0x2931e90cce0 of 132 bytes failed: ??a a?t?s? ReadProcessMemory ? WriteProcessMemory ??a??p??????e µ??? e? µ??e?. (0x12B)
[0306/174621.494:ERROR:process_memory_win.cc(73)] ReadMemory at 0x2931e90ce10 of 132 bytes failed: ??a a?t?s? ReadProcessMemory ? WriteProcessMemory ??a??p??????e µ??? e? µ??e?. (0x12B)
[0306/174621.494:ERROR:process_memory_win.cc(73)] ReadMemory at 0x2931e90cf40 of 132 bytes failed: ??a a?t?s? ReadProcessMemory ? WriteProcessMemory ??a??p??????e µ??? e? µ??e?. (0x12B)
[0306/174621.496:ERROR:process_memory_win.cc(73)] ReadMemory at 0x2931e90d070 of 132 bytes failed: ??a a?t?s? ReadProcessMemory ? WriteProcessMemory ??a??p??????e µ??? e? µ??e?. (0x12B)
[0306/174621.496:ERROR:process_memory_win.cc(73)] ReadMemory at 0x2931e90d1a0 of 132 bytes failed: ??a a?t?s? ReadProcessMemory ? WriteProcessMemory ??a??p??????e µ??? e? µ??e?. (0x12B)
[0306/174621.496:ERROR:process_memory_win.cc(73)] ReadMemory at 0x2931e90d2d0 of 132 bytes failed: ??a a?t?s? ReadProcessMemory ? WriteProcessMemory ??a??p??????e µ??? e? µ??e?. (0x12B)
[0306/174621.496:ERROR:process_memory_win.cc(73)] ReadMemory at 0x2931e90d400 of 132 bytes failed: ??a a?t?s? ReadProcessMemory ? WriteProcessMemory ??a??p??????e µ??? e? µ??e?. (0x12B)
[0306/174621.496:ERROR:process_memory_win.cc(73)] ReadMemory at 0x2931e90d530 of 132 bytes failed: ??a a?t?s? ReadProcessMemory ? WriteProcessMemory ??a??p??????e µ??? e? µ??e?. (0x12B)
[0306/174621.496:ERROR:process_memory_win.cc(73)] ReadMemory at 0x2931e90d660 of 132 bytes failed: ??a a?t?s? ReadProcessMemory ? WriteProcessMemory ??a??p??????e µ??? e? µ??e?. (0x12B)
[0306/174621.496:ERROR:process_memory_win.cc(73)] ReadMemory at 0x2931e90d790 of 132 bytes failed: ??a a?t?s? ReadProcessMemory ? WriteProcessMemory ??a??p??????e µ??? e? µ??e?. (0x12B)
[0306/174621.496:ERROR:process_memory_win.cc(73)] ReadMemory at 0x2931e90d8c0 of 132 bytes failed: ??a a?t?s? ReadProcessMemory ? WriteProcessMemory ??a??p??????e µ??? e? µ??e?. (0x12B)
[0306/174621.496:ERROR:process_memory_win.cc(73)] ReadMemory at 0x2931e90d9f0 of 132 bytes failed: ??a a?t?s? ReadProcessMemory ? WriteProcessMemory ??a??p??????e µ??? e? µ??e?. (0x12B)
[0306/174621.496:ERROR:process_memory_win.cc(73)] ReadMemory at 0x2931e90db20 of 132 bytes failed: ??a a?t?s? ReadProcessMemory ? WriteProcessMemory ??a??p??????e µ??? e? µ??e?. (0x12B)
[0306/174621.497:ERROR:process_memory_win.cc(73)] ReadMemory at 0x2931e90dc50 of 132 bytes failed: ??a a?t?s? ReadProcessMemory ? WriteProcessMemory ??a??p??????e µ??? e? µ??e?. (0x12B)
[0306/174621.497:ERROR:process_memory_win.cc(73)] ReadMemory at 0x2931e90dd80 of 132 bytes failed: ??a a?t?s? ReadProcessMemory ? WriteProcessMemory ??a??p??????e µ??? e? µ??e?. (0x12B)
[0306/174621.497:ERROR:process_memory_win.cc(73)] ReadMemory at 0x2931e911b30 of 54 bytes failed: ??a a?t?s? ReadProcessMemory ? WriteProcessMemory ??a??p??????e µ??? e? µ??e?. (0x12B)
[0306/174621.497:ERROR:process_memory_win.cc(73)] ReadMemory at 0x2931e91b0a0 of 58 bytes failed: ??a a?t?s? ReadProcessMemory ? WriteProcessMemory ??a??p??????e µ??? e? µ??e?. (0x12B)
[0306/174621.497:ERROR:process_memory_win.cc(73)] ReadMemory at 0x2931e91b0f0 of 60 bytes failed: ??a a?t?s? ReadProcessMemory ? WriteProcessMemory ??a??p??????e µ??? e? µ??e?. (0x12B)
[0306/174621.498:ERROR:process_memory_win.cc(73)] ReadMemory at 0x2931e91b1e0 of 62 bytes failed: ??a a?t?s? ReadProcessMemory ? WriteProcessMemory ??a??p??????e µ??? e? µ??e?. (0x12B)
[0306/174621.498:ERROR:process_memory_win.cc(73)] ReadMemory at 0x2931e91b4b0 of 66 bytes failed: ??a a?t?s? ReadProcessMemory ? WriteProcessMemory ??a??p??????e µ??? e? µ??e?. (0x12B)
[0306/174621.498:ERROR:process_memory_win.cc(73)] ReadMemory at 0x2931e91b550 of 66 bytes failed: ??a a?t?s? ReadProcessMemory ? WriteProcessMemory ??a??p??????e µ??? e? µ??e?. (0x12B)
[0306/174621.498:ERROR:process_memory_win.cc(73)] ReadMemory at 0x2931e91b780 of 60 bytes failed: ??a a?t?s? ReadProcessMemory ? WriteProcessMemory ??a??p??????e µ??? e? µ??e?. (0x12B)
[0306/174621.498:ERROR:process_memory_win.cc(73)] ReadMemory at 0x2931e91ba50 of 58 bytes failed: ??a a?t?s? ReadProcessMemory ? WriteProcessMemory ??a??p??????e µ??? e? µ??e?. (0x12B)
[0306/174621.523:ERROR:process_memory_win.cc(73)] ReadMemory at 0x2931e91bd20 of 60 bytes failed: ??a a?t?s? ReadProcessMemory ? WriteProcessMemory ??a??p??????e µ??? e? µ??e?. (0x12B)
[0306/174621.523:ERROR:process_memory_win.cc(73)] ReadMemory at 0x2931e922800 of 70 bytes failed: ??a a?t?s? ReadProcessMemory ? WriteProcessMemory ??a??p??????e µ??? e? µ??e?. (0x12B)
[0306/174621.524:ERROR:process_memory_win.cc(73)] ReadMemory at 0x2931e922990 of 62 bytes failed: ??a a?t?s? ReadProcessMemory ? WriteProcessMemory ??a??p??????e µ??? e? µ??e?. (0x12B)
[0306/174621.524:ERROR:process_memory_win.cc(73)] ReadMemory at 0x2931e922ad0 of 64 bytes failed: ??a a?t?s? ReadProcessMemory ? WriteProcessMemory ??a??p??????e µ??? e? µ??e?. (0x12B)
[0306/174621.524:ERROR:process_memory_win.cc(73)] ReadMemory at 0x2931e923cf0 of 132 bytes failed: ??a a?t?s? ReadProcessMemory ? WriteProcessMemory ??a??p??????e µ??? e? µ??e?. (0x12B)
[0306/174621.524:ERROR:process_memory_win.cc(73)] ReadMemory at 0x2931e9241b0 of 132 bytes failed: ??a a?t?s? ReadProcessMemory ? WriteProcessMemory ??a??p??????e µ??? e? µ??e?. (0x12B)
[0306/174621.524:ERROR:process_memory_win.cc(73)] ReadMemory at 0x2931e92d0b0 of 512 bytes failed: ??a a?t?s? ReadProcessMemory ? WriteProcessMemory ??a??p??????e µ??? e? µ??e?. (0x12B)
[0306/174621.524:ERROR:process_memory_win.cc(73)] ReadMemory at 0x2931e92dc00 of 512 bytes failed: ??a a?t?s? ReadProcessMemory ? WriteProcessMemory ??a??p??????e µ??? e? µ??e?. (0x12B)
[0306/174621.524:ERROR:process_memory_win.cc(73)] ReadMemory at 0x2931e92ef50 of 512 bytes failed: ??a a?t?s? ReadProcessMemory ? WriteProcessMemory ??a??p??????e µ??? e? µ??e?. (0x12B)
[0306/174621.524:ERROR:process_memory_win.cc(73)] ReadMemory at 0x2931e9513e0 of 512 bytes failed: ??a a?t?s? ReadProcessMemory ? WriteProcessMemory ??a??p??????e µ??? e? µ??e?. (0x12B)
[0306/174621.524:ERROR:process_memory_win.cc(73)] ReadMemory at 0x2931e952fc0 of 512 bytes failed: ??a a?t?s? ReadProcessMemory ? WriteProcessMemory ??a??p??????e µ??? e? µ??e?. (0x12B)
[0306/174621.524:ERROR:process_memory_win.cc(73)] ReadMemory at 0x2931ec83640 of 512 bytes failed: ??a a?t?s? ReadProcessMemory ? WriteProcessMemory ??a??p??????e µ??? e? µ??e?. (0x12B)
[0306/174621.524:ERROR:process_memory_win.cc(73)] ReadMemory at 0x2931eda15b0 of 595 bytes failed: ??a a?t?s? ReadProcessMemory ? WriteProcessMemory ??a??p??????e µ??? e? µ??e?. (0x12B)
[0306/174621.524:ERROR:process_memory_win.cc(73)] ReadMemory at 0x2931edaf368 of 512 bytes failed: ??a a?t?s? ReadProcessMemory ? WriteProcessMemory ??a??p??????e µ??? e? µ??e?. (0x12B)
[0306/174621.524:ERROR:process_memory_win.cc(73)] ReadMemory at 0x2931edafb90 of 512 bytes failed: ??a a?t?s? ReadProcessMemory ? WriteProcessMemory ??a??p??????e µ??? e? µ??e?. (0x12B)
[0306/174621.524:ERROR:process_memory_win.cc(73)] ReadMemory at 0x2931edd81c0 of 712 bytes failed: ??a a?t?s? ReadProcessMemory ? WriteProcessMemory ??a??p??????e µ??? e? µ??e?. (0x12B)
[0306/174621.525:ERROR:process_memory_win.cc(73)] ReadMemory at 0x2931ee4db00 of 512 bytes failed: ??a a?t?s? ReadProcessMemory ? WriteProcessMemory ??a??p??????e µ??? e? µ??e?. (0x12B)
[0306/174621.525:ERROR:process_memory_win.cc(73)] ReadMemory at 0x2931ee5ade8 of 512 bytes failed: ??a a?t?s? ReadProcessMemory ? WriteProcessMemory ??a??p??????e µ??? e? µ??e?. (0x12B)
[0306/174621.525:ERROR:process_memory_win.cc(73)] ReadMemory at 0x29320fa1880 of 512 bytes failed: ??a a?t?s? ReadProcessMemory ? WriteProcessMemory ??a??p??????e µ??? e? µ??e?. (0x12B)
[0306/174621.525:ERROR:process_memory_win.cc(73)] ReadMemory at 0x29320fc8198 of 512 bytes failed: ??a a?t?s? ReadProcessMemory ? WriteProcessMemory ??a??p??????e µ??? e? µ??e?. (0x12B)
[0306/174621.525:ERROR:process_memory_win.cc(73)] ReadMemory at 0x29320fc8c48 of 512 bytes failed: ??a a?t?s? ReadProcessMemory ? WriteProcessMemory ??a??p??????e µ??? e? µ??e?. (0x12B)
[0306/174621.525:ERROR:process_memory_win.cc(73)] ReadMemory at 0x29320fc9158 of 512 bytes failed: ??a a?t?s? ReadProcessMemory ? WriteProcessMemory ??a??p??????e µ??? e? µ??e?. (0x12B)
[0306/174621.525:ERROR:process_memory_win.cc(73)] ReadMemory at 0x29320fc98a8 of 512 bytes failed: ??a a?t?s? ReadProcessMemory ? WriteProcessMemory ??a??p??????e µ??? e? µ??e?. (0x12B)
[0306/174621.525:ERROR:process_memory_win.cc(73)] ReadMemory at 0x29320fc9db8 of 512 bytes failed: ??a a?t?s? ReadProcessMemory ? WriteProcessMemory ??a??p??????e µ??? e? µ??e?. (0x12B)
[0306/174621.525:ERROR:process_memory_win.cc(73)] ReadMemory at 0x29321b3f010 of 512 bytes failed: ??a a?t?s? ReadProcessMemory ? WriteProcessMemory ??a??p??????e µ??? e? µ??e?. (0x12B)
[0306/174621.525:ERROR:process_memory_win.cc(73)] ReadMemory at 0x29321b3f250 of 512 bytes failed: ??a a?t?s? ReadProcessMemory ? WriteProcessMemory ??a??p??????e µ??? e? µ??e?. (0x12B)
[0306/174621.525:ERROR:process_memory_win.cc(73)] ReadMemory at 0x29321eaad20 of 512 bytes failed: ??a a?t?s? ReadProcessMemory ? WriteProcessMemory ??a??p??????e µ??? e? µ??e?. (0x12B)
[0306/174621.525:ERROR:process_memory_win.cc(73)] ReadMemory at 0x29321f43040 of 512 bytes failed: ??a a?t?s? ReadProcessMemory ? WriteProcessMemory ??a??p??????e µ??? e? µ??e?. (0x12B)
[0306/174621.525:ERROR:process_memory_win.cc(73)] ReadMemory at 0x29321f7b700 of 512 bytes failed: ??a a?t?s? ReadProcessMemory ? WriteProcessMemory ??a??p??????e µ??? e? µ??e?. (0x12B)
[0306/174621.526:ERROR:process_memory_win.cc(73)] ReadMemory at 0x29322093ce0 of 512 bytes failed: ??a a?t?s? ReadProcessMemory ? WriteProcessMemory ??a??p??????e µ??? e? µ??e?. (0x12B)
[0306/174621.526:ERROR:process_memory_win.cc(73)] ReadMemory at 0x293244ec340 of 512 bytes failed: ??a a?t?s? ReadProcessMemory ? WriteProcessMemory ??a??p??????e µ??? e? µ??e?. (0x12B)
[0306/174621.526:ERROR:process_memory_win.cc(73)] ReadMemory at 0x2932724f1b0 of 512 bytes failed: ??a a?t?s? ReadProcessMemory ? WriteProcessMemory ??a??p??????e µ??? e? µ??e?. (0x12B)
[0306/174621.526:ERROR:process_memory_win.cc(73)] ReadMemory at 0x29328513080 of 512 bytes failed: ??a a?t?s? ReadProcessMemory ? WriteProcessMemory ??a??p??????e µ??? e? µ??e?. (0x12B)
[0306/174621.526:ERROR:process_memory_win.cc(73)] ReadMemory at 0x2932e4311b0 of 512 bytes failed: ??a a?t?s? ReadProcessMemory ? WriteProcessMemory ??a??p??????e µ??? e? µ??e?. (0x12B)
[0306/174621.526:ERROR:process_memory_win.cc(73)] ReadMemory at 0x119efa000000 of 384 bytes failed: ??a a?t?s? ReadProcessMemory ? WriteProcessMemory ??a??p??????e µ??? e? µ??e?. (0x12B)
[0306/174621.526:ERROR:process_memory_win.cc(73)] ReadMemory at 0x119efa031080 of 537 bytes failed: ??a a?t?s? ReadProcessMemory ? WriteProcessMemory ??a??p??????e µ??? e? µ??e?. (0x12B)
[0306/174621.526:ERROR:process_memory_win.cc(73)] ReadMemory at 0x2e39fc461000 of 384 bytes failed: ??a a?t?s? ReadProcessMemory ? WriteProcessMemory ??a??p??????e µ??? e? µ??e?. (0x12B)
[0306/174621.526:ERROR:process_memory_win.cc(73)] ReadMemory at 0x2e39fc4617c8 of 512 bytes failed: ??a a?t?s? ReadProcessMemory ? WriteProcessMemory ??a??p??????e µ??? e? µ??e?. (0x12B)
[0306/174621.526:ERROR:process_memory_win.cc(73)] ReadMemory at 0x2e39fc478b00 of 512 bytes failed: ??a a?t?s? ReadProcessMemory ? WriteProcessMemory ??a??p??????e µ??? e? µ??e?. (0x12B)
[0306/174621.526:ERROR:process_memory_win.cc(73)] ReadMemory at 0x2e39fc47ef80 of 128 bytes failed: ??a a?t?s? ReadProcessMemory ? WriteProcessMemory ??a??p??????e µ??? e? µ??e?. (0x12B)
[0306/174621.526:ERROR:process_memory_win.cc(73)] ReadMemory at 0x2fe410866c00 of 512 bytes failed: ??a a?t?s? ReadProcessMemory ? WriteProcessMemory ??a??p??????e µ??? e? µ??e?. (0x12B)
[0306/174621.526:ERROR:process_memory_win.cc(73)] ReadMemory at 0x31d3b2bb01c0 of 512 bytes failed: ??a a?t?s? ReadProcessMemory ? WriteProcessMemory ??a??p??????e µ??? e? µ??e?. (0x12B)
[0306/174621.526:ERROR:process_memory_win.cc(73)] ReadMemory at 0x3d73366eaee1 of 512 bytes failed: ??a a?t?s? ReadProcessMemory ? WriteProcessMemory ??a??p??????e µ??? e? µ??e?. (0x12B)
[0306/174621.527:ERROR:process_memory_win.cc(73)] ReadMemory at 0x3d73366f3361 of 512 bytes failed: ??a a?t?s? ReadProcessMemory ? WriteProcessMemory ??a??p??????e µ??? e? µ??e?. (0x12B)
[0306/174621.527:ERROR:process_memory_win.cc(73)] ReadMemory at 0x604414981000 of 384 bytes failed: ??a a?t?s? ReadProcessMemory ? WriteProcessMemory ??a??p??????e µ??? e? µ??e?. (0x12B)
[0306/174621.527:ERROR:process_memory_win.cc(73)] ReadMemory at 0x6044149817c8 of 512 bytes failed: ??a a?t?s? ReadProcessMemory ? WriteProcessMemory ??a??p??????e µ??? e? µ??e?. (0x12B)
[0306/174621.527:ERROR:process_memory_win.cc(73)] ReadMemory at 0x6044149970d8 of 512 bytes failed: ??a a?t?s? ReadProcessMemory ? WriteProcessMemory ??a??p??????e µ??? e? µ??e?. (0x12B)
[0306/174621.527:ERROR:process_memory_win.cc(73)] ReadMemory at 0x60441499ef80 of 128 bytes failed: ??a a?t?s? ReadProcessMemory ? WriteProcessMemory ??a??p??????e µ??? e? µ??e?. (0x12B)
[0306/174621.527:ERROR:process_memory_win.cc(73)] ReadMemory at 0x70c2c7c40000 of 384 bytes failed: ??a a?t?s? ReadProcessMemory ? WriteProcessMemory ??a??p??????e µ??? e? µ??e?. (0x12B)
[0306/174621.527:ERROR:process_memory_win.cc(73)] ReadMemory at 0x70c2c7c73580 of 548 bytes failed: ??a a?t?s? ReadProcessMemory ? WriteProcessMemory ??a??p??????e µ??? e? µ??e?. (0x12B)
[0306/174621.527:ERROR:process_memory_win.cc(73)] ReadMemory at 0x7dd106e80000 of 384 bytes failed: ??a a?t?s? ReadProcessMemory ? WriteProcessMemory ??a??p??????e µ??? e? µ??e?. (0x12B)
[0306/174621.527:ERROR:process_memory_win.cc(73)] ReadMemory at 0x7ff946ece913 of 512 bytes failed: ??a a?t?s? ReadProcessMemory ? WriteProcessMemory ??a??p??????e µ??? e? µ??e?. (0x12B)
[0306/174621.527:ERROR:process_memory_win.cc(73)] ReadMemory at 0x7ff947641734 of 512 bytes failed: ??a a?t?s? ReadProcessMemory ? WriteProcessMemory ??a??p??????e µ??? e? µ??e?. (0x12B)
[0306/174621.527:ERROR:process_memory_win.cc(73)] ReadMemory at 0x7ff94845ccfa of 512 bytes failed: ??a a?t?s? ReadProcessMemory ? WriteProcessMemory ??a??p??????e µ??? e? µ??e?. (0x12B)
[0306/174621.527:ERROR:process_memory_win.cc(73)] ReadMemory at 0x7ff94894130c of 512 bytes failed: ??a a?t?s? ReadProcessMemory ? WriteProcessMemory ??a??p??????e µ??? e? µ??e?. (0x12B)
[0306/174621.527:ERROR:process_memory_win.cc(73)] ReadMemory at 0x7ff94b1e65f8 of 512 bytes failed: ??a a?t?s? ReadProcessMemory ? WriteProcessMemory ??a??p??????e µ??? e? µ??e?. (0x12B)
[0306/174621.527:ERROR:process_memory_win.cc(73)] ReadMemory at 0x7ff94b25f9c0 of 512 bytes failed: ??a a?t?s? ReadProcessMemory ? WriteProcessMemory ??a??p??????e µ??? e? µ??e?. (0x12B)
[0306/174621.527:ERROR:process_memory_win.cc(73)] ReadMemory at 0x7ff985f489a3 of 512 bytes failed: ??a a?t?s? ReadProcessMemory ? WriteProcessMemory ??a??p??????e µ??? e? µ??e?. (0x12B)
[0306/174621.528:ERROR:process_memory_win.cc(73)] ReadMemory at 0x7ff985f4919a of 512 bytes failed: ??a a?t?s? ReadProcessMemory ? WriteProcessMemory ??a??p??????e µ??? e? µ??e?. (0x12B)
[0306/174621.528:ERROR:process_memory_win.cc(73)] ReadMemory at 0x7ff9cd111895 of 512 bytes failed: ??a a?t?s? ReadProcessMemory ? WriteProcessMemory ??a??p??????e µ??? e? µ??e?. (0x12B)
[0306/174621.528:ERROR:process_memory_win.cc(73)] ReadMemory at 0x7ff9cd15f764 of 672 bytes failed: ??a a?t?s? ReadProcessMemory ? WriteProcessMemory ??a??p??????e µ??? e? µ??e?. (0x12B)
[0306/174621.528:ERROR:process_memory_win.cc(73)] ReadMemory at 0x7ff9cd162ff4 of 608 bytes failed: ??a a?t?s? ReadProcessMemory ? WriteProcessMemory ??a??p??????e µ??? e? µ??e?. (0x12B)
[0306/174621.528:ERROR:process_memory_win.cc(73)] ReadMemory at 0x7ff9cd1ec0c8 of 18 bytes failed: ??a a?t?s? ReadProcessMemory ? WriteProcessMemory ??a??p??????e µ??? e? µ??e?. (0x12B)
[0306/174621.528:ERROR:process_memory_win.cc(73)] ReadMemory at 0x7ff9cd21f4f8 of 40 bytes failed: ??a a?t?s? ReadProcessMemory ? WriteProcessMemory ??a??p??????e µ??? e? µ??e?. (0x12B)
[0306/174621.528:ERROR:process_memory_win.cc(73)] ReadMemory at 0x7ff9cd21f978 of 48 bytes failed: ??a a?t?s? ReadProcessMemory ? WriteProcessMemory ??a??p??????e µ??? e? µ??e?. (0x12B)
[0306/174621.528:ERROR:process_memory_win.cc(73)] ReadMemory at 0x7ff9cd2253c0 of 64 bytes failed: ??a a?t?s? ReadProcessMemory ? WriteProcessMemory ??a??p??????e µ??? e? µ??e?. (0x12B)
[0306/174621.664:ERROR:scoped_process_suspend.cc(40)] NtResumeProcess: ????e p??sp??e?a p??sßas?? se µ?a d?e??as?a e??d??. (0xc000010a)
